<?xml version="1.0" encoding="UTF-8"?>
<testng-results skipped="0" failed="0" ignored="0" total="0" passed="0">
  <reporter-output>
  </reporter-output>
  <suite name="Default suite" duration-ms="20" started-at="2021-01-08T14:11:28 EST" finished-at="2021-01-08T14:11:28 EST">
    <groups>
    </groups>
    <test name="Default test" duration-ms="20" started-at="2021-01-08T14:11:28 EST" finished-at="2021-01-08T14:11:28 EST">
    </test> <!-- Default test -->
  </suite> <!-- Default suite -->
</testng-results>
